This is pdfTeX, Version 3.14159265-2.6-1.40.18 (TeX Live 2017) (preloaded format=pdflatex 2018.4.6)  24 FEB 2020 09:41
entering extended mode
 restricted \write18 enabled.
 file:line:error style messages enabled.
 %&-line parsing enabled.
**EPMD_0.2.tex
(./EPMD_0.2.tex
LaTeX2e <2017-04-15>
Babel <3.10> and hyphenation patterns for 84 language(s) loaded.
(/usr/local/texlive/2017/texmf-dist/tex/latex/base/article.cls
Document Class: article 2014/09/29 v1.4h Standard LaTeX document class
(/usr/local/texlive/2017/texmf-dist/tex/latex/base/size12.clo
File: size12.clo 2014/09/29 v1.4h Standard LaTeX file (size option)
)
\c@part=\count79
\c@section=\count80
\c@subsection=\count81
\c@subsubsection=\count82
\c@paragraph=\count83
\c@subparagraph=\count84
\c@figure=\count85
\c@table=\count86
\abovecaptionskip=\skip41
\belowcaptionskip=\skip42
\bibindent=\dimen102
)
(/usr/local/texlive/2017/texmf-dist/tex/latex/geometry/geometry.sty
Package: geometry 2010/09/12 v5.6 Page Geometry

(/usr/local/texlive/2017/texmf-dist/tex/latex/graphics/keyval.sty
Package: keyval 2014/10/28 v1.15 key=value parser (DPC)
\KV@toks@=\toks14
)
(/usr/local/texlive/2017/texmf-dist/tex/generic/oberdiek/ifpdf.sty
Package: ifpdf 2017/03/15 v3.2 Provides the ifpdf switch
)
(/usr/local/texlive/2017/texmf-dist/tex/generic/oberdiek/ifvtex.sty
Package: ifvtex 2016/05/16 v1.6 Detect VTeX and its facilities (HO)
Package ifvtex Info: VTeX not detected.
)
(/usr/local/texlive/2017/texmf-dist/tex/generic/ifxetex/ifxetex.sty
Package: ifxetex 2010/09/12 v0.6 Provides ifxetex conditional
)
\Gm@cnth=\count87
\Gm@cntv=\count88
\c@Gm@tempcnt=\count89
\Gm@bindingoffset=\dimen103
\Gm@wd@mp=\dimen104
\Gm@odd@mp=\dimen105
\Gm@even@mp=\dimen106
\Gm@layoutwidth=\dimen107
\Gm@layoutheight=\dimen108
\Gm@layouthoffset=\dimen109
\Gm@layoutvoffset=\dimen110
\Gm@dimlist=\toks15
)
(/usr/local/texlive/2017/texmf-dist/tex/latex/tools/bm.sty
Package: bm 2017/01/16 v1.2c Bold Symbol Support (DPC/FMi)
\symboldoperators=\mathgroup4
\symboldletters=\mathgroup5
\symboldsymbols=\mathgroup6
LaTeX Font Info:    Redeclaring math alphabet \mathbf on input line 141.
LaTeX Info: Redefining \bm on input line 207.
)
(/usr/local/texlive/2017/texmf-dist/tex/latex/amsmath/amsmath.sty
Package: amsmath 2016/11/05 v2.16a AMS math features
\@mathmargin=\skip43

For additional information on amsmath, use the `?' option.
(/usr/local/texlive/2017/texmf-dist/tex/latex/amsmath/amstext.sty
Package: amstext 2000/06/29 v2.01 AMS text

(/usr/local/texlive/2017/texmf-dist/tex/latex/amsmath/amsgen.sty
File: amsgen.sty 1999/11/30 v2.0 generic functions
\@emptytoks=\toks16
\ex@=\dimen111
))
(/usr/local/texlive/2017/texmf-dist/tex/latex/amsmath/amsbsy.sty
Package: amsbsy 1999/11/29 v1.2d Bold Symbols
LaTeX Info: Redefining \boldsymbol on input line 28.
\pmbraise@=\dimen112
)
(/usr/local/texlive/2017/texmf-dist/tex/latex/amsmath/amsopn.sty
Package: amsopn 2016/03/08 v2.02 operator names
)
\inf@bad=\count90
LaTeX Info: Redefining \frac on input line 213.
\uproot@=\count91
\leftroot@=\count92
LaTeX Info: Redefining \overline on input line 375.
\classnum@=\count93
\DOTSCASE@=\count94
LaTeX Info: Redefining \ldots on input line 472.
LaTeX Info: Redefining \dots on input line 475.
LaTeX Info: Redefining \cdots on input line 596.
\Mathstrutbox@=\box26
\strutbox@=\box27
\big@size=\dimen113
LaTeX Font Info:    Redeclaring font encoding OML on input line 712.
LaTeX Font Info:    Redeclaring font encoding OMS on input line 713.
\macc@depth=\count95
\c@MaxMatrixCols=\count96
\dotsspace@=\muskip10
\c@parentequation=\count97
\dspbrk@lvl=\count98
\tag@help=\toks17
\row@=\count99
\column@=\count100
\maxfields@=\count101
\andhelp@=\toks18
\eqnshift@=\dimen114
\alignsep@=\dimen115
\tagshift@=\dimen116
\tagwidth@=\dimen117
\totwidth@=\dimen118
\lineht@=\dimen119
\@envbody=\toks19
\multlinegap=\skip44
\multlinetaggap=\skip45
\mathdisplay@stack=\toks20
LaTeX Info: Redefining \[ on input line 2817.
LaTeX Info: Redefining \] on input line 2818.
)
(/usr/local/texlive/2017/texmf-dist/tex/latex/graphics/graphicx.sty
Package: graphicx 2014/10/28 v1.0g Enhanced LaTeX Graphics (DPC,SPQR)

(/usr/local/texlive/2017/texmf-dist/tex/latex/graphics/graphics.sty
Package: graphics 2017/04/14 v1.1b Standard LaTeX Graphics (DPC,SPQR)

(/usr/local/texlive/2017/texmf-dist/tex/latex/graphics/trig.sty
Package: trig 2016/01/03 v1.10 sin cos tan (DPC)
)
(/usr/local/texlive/2017/texmf-dist/tex/latex/graphics-cfg/graphics.cfg
File: graphics.cfg 2016/06/04 v1.11 sample graphics configuration
)
Package graphics Info: Driver file: pdftex.def on input line 99.

(/usr/local/texlive/2017/texmf-dist/tex/latex/graphics-def/pdftex.def
File: pdftex.def 2017/01/12 v0.06k Graphics/color for pdfTeX

(/usr/local/texlive/2017/texmf-dist/tex/generic/oberdiek/infwarerr.sty
Package: infwarerr 2016/05/16 v1.4 Providing info/warning/error messages (HO)
)
(/usr/local/texlive/2017/texmf-dist/tex/generic/oberdiek/ltxcmds.sty
Package: ltxcmds 2016/05/16 v1.23 LaTeX kernel commands for general use (HO)
)
\Gread@gobject=\count102
))
\Gin@req@height=\dimen120
\Gin@req@width=\dimen121
)
(/usr/local/texlive/2017/texmf-dist/tex/latex/oberdiek/pdflscape.sty
Package: pdflscape 2016/05/14 v0.11 Display of landscape pages in PDF (HO)

(/usr/local/texlive/2017/texmf-dist/tex/latex/graphics/lscape.sty
Package: lscape 2000/10/22 v3.01 Landscape Pages (DPC)
)
Package pdflscape Info: Auto-detected driver: pdftex on input line 81.
)
(/usr/local/texlive/2017/texmf-dist/tex/latex/caption/subcaption.sty
Package: subcaption 2016/05/22 v1.1-161 Sub-captions (AR)

(/usr/local/texlive/2017/texmf-dist/tex/latex/caption/caption.sty
Package: caption 2016/02/21 v3.3-144 Customizing captions (AR)

(/usr/local/texlive/2017/texmf-dist/tex/latex/caption/caption3.sty
Package: caption3 2016/05/22 v1.7-166 caption3 kernel (AR)
Package caption3 Info: TeX engine: e-TeX on input line 67.
\captionmargin=\dimen122
\captionmargin@=\dimen123
\captionwidth=\dimen124
\caption@tempdima=\dimen125
\caption@indent=\dimen126
\caption@parindent=\dimen127
\caption@hangindent=\dimen128
)
\c@ContinuedFloat=\count103
)
\c@subfigure=\count104
\c@subtable=\count105
)
(/usr/local/texlive/2017/texmf-dist/tex/latex/natbib/natbib.sty
Package: natbib 2010/09/13 8.31b (PWD, AO)
\bibhang=\skip46
\bibsep=\skip47
LaTeX Info: Redefining \cite on input line 694.
\c@NAT@ctr=\count106
)
(/usr/local/texlive/2017/texmf-dist/tex/latex/preprint/authblk.sty
Package: authblk 2001/02/27 1.3 (PWD)
\affilsep=\skip48
\@affilsep=\skip49
\c@Maxaffil=\count107
\c@authors=\count108
\c@affil=\count109
)
(/usr/local/texlive/2017/texmf-dist/tex/latex/setspace/setspace.sty
Package: setspace 2011/12/19 v6.7a set line spacing
)
(/usr/local/texlive/2017/texmf-dist/tex/latex/hyperref/hyperref.sty
Package: hyperref 2017/03/14 v6.85a Hypertext links for LaTeX

(/usr/local/texlive/2017/texmf-dist/tex/generic/oberdiek/hobsub-hyperref.sty
Package: hobsub-hyperref 2016/05/16 v1.14 Bundle oberdiek, subset hyperref (HO)


(/usr/local/texlive/2017/texmf-dist/tex/generic/oberdiek/hobsub-generic.sty
Package: hobsub-generic 2016/05/16 v1.14 Bundle oberdiek, subset generic (HO)
Package: hobsub 2016/05/16 v1.14 Construct package bundles (HO)
Package hobsub Info: Skipping package `infwarerr' (already loaded).
Package hobsub Info: Skipping package `ltxcmds' (already loaded).
Package: ifluatex 2016/05/16 v1.4 Provides the ifluatex switch (HO)
Package ifluatex Info: LuaTeX not detected.
Package hobsub Info: Skipping package `ifvtex' (already loaded).
Package: intcalc 2016/05/16 v1.2 Expandable calculations with integers (HO)
Package hobsub Info: Skipping package `ifpdf' (already loaded).
Package: etexcmds 2016/05/16 v1.6 Avoid name clashes with e-TeX commands (HO)
Package etexcmds Info: Could not find \expanded.
(etexcmds)             That can mean that you are not using pdfTeX 1.50 or
(etexcmds)             that some package has redefined \expanded.
(etexcmds)             In the latter case, load this package earlier.
Package: kvsetkeys 2016/05/16 v1.17 Key value parser (HO)
Package: kvdefinekeys 2016/05/16 v1.4 Define keys (HO)
Package: pdftexcmds 2017/03/19 v0.25 Utility functions of pdfTeX for LuaTeX (HO
)
Package pdftexcmds Info: LuaTeX not detected.
Package pdftexcmds Info: \pdf@primitive is available.
Package pdftexcmds Info: \pdf@ifprimitive is available.
Package pdftexcmds Info: \pdfdraftmode found.
Package: pdfescape 2016/05/16 v1.14 Implements pdfTeX's escape features (HO)
Package: bigintcalc 2016/05/16 v1.4 Expandable calculations on big integers (HO
)
Package: bitset 2016/05/16 v1.2 Handle bit-vector datatype (HO)
Package: uniquecounter 2016/05/16 v1.3 Provide unlimited unique counter (HO)
)
Package hobsub Info: Skipping package `hobsub' (already loaded).
Package: letltxmacro 2016/05/16 v1.5 Let assignment for LaTeX macros (HO)
Package: hopatch 2016/05/16 v1.3 Wrapper for package hooks (HO)
Package: xcolor-patch 2016/05/16 xcolor patch
Package: atveryend 2016/05/16 v1.9 Hooks at the very end of document (HO)
Package atveryend Info: \enddocument detected (standard20110627).
Package: atbegshi 2016/06/09 v1.18 At begin shipout hook (HO)
Package: refcount 2016/05/16 v3.5 Data extraction from label references (HO)
Package: hycolor 2016/05/16 v1.8 Color options for hyperref/bookmark (HO)
)
(/usr/local/texlive/2017/texmf-dist/tex/latex/oberdiek/auxhook.sty
Package: auxhook 2016/05/16 v1.4 Hooks for auxiliary files (HO)
)
(/usr/local/texlive/2017/texmf-dist/tex/latex/oberdiek/kvoptions.sty
Package: kvoptions 2016/05/16 v3.12 Key value format for package options (HO)
)
\@linkdim=\dimen129
\Hy@linkcounter=\count110
\Hy@pagecounter=\count111

(/usr/local/texlive/2017/texmf-dist/tex/latex/hyperref/pd1enc.def
File: pd1enc.def 2017/03/14 v6.85a Hyperref: PDFDocEncoding definition (HO)
)
\Hy@SavedSpaceFactor=\count112

(/usr/local/texlive/2017/texmf-dist/tex/latex/latexconfig/hyperref.cfg
File: hyperref.cfg 2002/06/06 v1.2 hyperref configuration of TeXLive
)
Package hyperref Info: Hyper figures OFF on input line 4498.
Package hyperref Info: Link nesting OFF on input line 4503.
Package hyperref Info: Hyper index ON on input line 4506.
Package hyperref Info: Plain pages OFF on input line 4513.
Package hyperref Info: Backreferencing OFF on input line 4518.
Package hyperref Info: Implicit mode ON; LaTeX internals redefined.
Package hyperref Info: Bookmarks ON on input line 4751.
\c@Hy@tempcnt=\count113

(/usr/local/texlive/2017/texmf-dist/tex/latex/url/url.sty
\Urlmuskip=\muskip11
Package: url 2013/09/16  ver 3.4  Verb mode for urls, etc.
)
LaTeX Info: Redefining \url on input line 5104.
\XeTeXLinkMargin=\dimen130
\Fld@menulength=\count114
\Field@Width=\dimen131
\Fld@charsize=\dimen132
Package hyperref Info: Hyper figures OFF on input line 6358.
Package hyperref Info: Link nesting OFF on input line 6363.
Package hyperref Info: Hyper index ON on input line 6366.
Package hyperref Info: backreferencing OFF on input line 6373.
Package hyperref Info: Link coloring OFF on input line 6378.
Package hyperref Info: Link coloring with OCG OFF on input line 6383.
Package hyperref Info: PDF/A mode OFF on input line 6388.
LaTeX Info: Redefining \ref on input line 6428.
LaTeX Info: Redefining \pageref on input line 6432.
\Hy@abspage=\count115
\c@Item=\count116
\c@Hfootnote=\count117
)

Package hyperref Message: Driver (autodetected): hpdftex.

(/usr/local/texlive/2017/texmf-dist/tex/latex/hyperref/hpdftex.def
File: hpdftex.def 2017/03/14 v6.85a Hyperref driver for pdfTeX
\Fld@listcount=\count118
\c@bookmark@seq@number=\count119

(/usr/local/texlive/2017/texmf-dist/tex/latex/oberdiek/rerunfilecheck.sty
Package: rerunfilecheck 2016/05/16 v1.8 Rerun checks for auxiliary files (HO)
Package uniquecounter Info: New unique counter `rerunfilecheck' on input line 2
82.
)
\Hy@SectionHShift=\skip50
)
(/usr/local/texlive/2017/texmf-dist/tex/latex/graphics/color.sty
Package: color 2016/07/10 v1.1e Standard LaTeX Color (DPC)

(/usr/local/texlive/2017/texmf-dist/tex/latex/graphics-cfg/color.cfg
File: color.cfg 2016/01/02 v1.6 sample color configuration
)
Package color Info: Driver file: pdftex.def on input line 147.
)
No file EPMD_0.2.aux.
\openout1 = `EPMD_0.2.aux'.

LaTeX Font Info:    Checking defaults for OML/cmm/m/it on input line 23.
LaTeX Font Info:    ... okay on input line 23.
LaTeX Font Info:    Checking defaults for T1/cmr/m/n on input line 23.
LaTeX Font Info:    ... okay on input line 23.
LaTeX Font Info:    Checking defaults for OT1/cmr/m/n on input line 23.
LaTeX Font Info:    ... okay on input line 23.
LaTeX Font Info:    Checking defaults for OMS/cmsy/m/n on input line 23.
LaTeX Font Info:    ... okay on input line 23.
LaTeX Font Info:    Checking defaults for OMX/cmex/m/n on input line 23.
LaTeX Font Info:    ... okay on input line 23.
LaTeX Font Info:    Checking defaults for U/cmr/m/n on input line 23.
LaTeX Font Info:    ... okay on input line 23.
LaTeX Font Info:    Checking defaults for PD1/pdf/m/n on input line 23.
LaTeX Font Info:    ... okay on input line 23.
*geometry* driver: auto-detecting
*geometry* detected driver: pdftex
*geometry* verbose mode - [ preamble ] result:
* driver: pdftex
* paper: a4paper
* layout: <same size as paper>
* layoutoffset:(h,v)=(0.0pt,0.0pt)
* modes: 
* h-part:(L,W,R)=(89.62709pt, 418.25368pt, 89.6271pt)
* v-part:(T,H,B)=(101.40665pt, 591.5302pt, 152.11pt)
* \paperwidth=597.50787pt
* \paperheight=845.04684pt
* \textwidth=418.25368pt
* \textheight=591.5302pt
* \oddsidemargin=17.3571pt
* \evensidemargin=17.3571pt
* \topmargin=-7.86334pt
* \headheight=12.0pt
* \headsep=25.0pt
* \topskip=12.0pt
* \footskip=30.0pt
* \marginparwidth=44.0pt
* \marginparsep=10.0pt
* \columnsep=10.0pt
* \skip\footins=10.8pt plus 4.0pt minus 2.0pt
* \hoffset=0.0pt
* \voffset=0.0pt
* \mag=1000
* \@twocolumnfalse
* \@twosidefalse
* \@mparswitchfalse
* \@reversemarginfalse
* (1in=72.27pt=25.4mm, 1cm=28.453pt)

(/usr/local/texlive/2017/texmf-dist/tex/context/base/mkii/supp-pdf.mkii
[Loading MPS to PDF converter (version 2006.09.02).]
\scratchcounter=\count120
\scratchdimen=\dimen133
\scratchbox=\box28
\nofMPsegments=\count121
\nofMParguments=\count122
\everyMPshowfont=\toks21
\MPscratchCnt=\count123
\MPscratchDim=\dimen134
\MPnumerator=\count124
\makeMPintoPDFobject=\count125
\everyMPtoPDFconversion=\toks22
) (/usr/local/texlive/2017/texmf-dist/tex/latex/oberdiek/epstopdf-base.sty
Package: epstopdf-base 2016/05/15 v2.6 Base part for package epstopdf

(/usr/local/texlive/2017/texmf-dist/tex/latex/oberdiek/grfext.sty
Package: grfext 2016/05/16 v1.2 Manage graphics extensions (HO)
)
Package epstopdf-base Info: Redefining graphics rule for `.eps' on input line 4
38.
Package grfext Info: Graphics extension search list:
(grfext)             [.png,.pdf,.jpg,.mps,.jpeg,.jbig2,.jb2,.PNG,.PDF,.JPG,.JPE
G,.JBIG2,.JB2,.eps]
(grfext)             \AppendGraphicsExtensions on input line 456.

(/usr/local/texlive/2017/texmf-dist/tex/latex/latexconfig/epstopdf-sys.cfg
File: epstopdf-sys.cfg 2010/07/13 v1.3 Configuration of (r)epstopdf for TeX Liv
e
))
Package caption Info: Begin \AtBeginDocument code.
Package caption Info: hyperref package is loaded.
Package caption Info: End \AtBeginDocument code.
\AtBeginShipoutBox=\box29
Package hyperref Info: Link coloring OFF on input line 23.

(/usr/local/texlive/2017/texmf-dist/tex/latex/hyperref/nameref.sty
Package: nameref 2016/05/21 v2.44 Cross-referencing by name of section

(/usr/local/texlive/2017/texmf-dist/tex/generic/oberdiek/gettitlestring.sty
Package: gettitlestring 2016/05/16 v1.5 Cleanup title references (HO)
)
\c@section@level=\count126
)
LaTeX Info: Redefining \ref on input line 23.
LaTeX Info: Redefining \pageref on input line 23.
LaTeX Info: Redefining \nameref on input line 23.
\@outlinefile=\write3
\openout3 = `EPMD_0.2.out'.



Package natbib Warning: Citation `?' on page 1 undefined on input line 49.


Package natbib Warning: Citation `?' on page 1 undefined on input line 49.


Package natbib Warning: Citation `?' on page 1 undefined on input line 49.


LaTeX Warning: Reference `HughesMartiny' on page 1 undefined on input line 49.


Package natbib Warning: Citation `Hughes-Martiny:2006' on page 1 undefined on i
nput line 49.


LaTeX Warning: Reference `Richter_Tara' on page 1 undefined on input line 51.


Package natbib Warning: Citation `Richter:2019' on page 1 undefined on input li
ne 51.


LaTeX Warning: Reference `Richter_Tara' on page 1 undefined on input line 51.


LaTeX Warning: Reference `Richter_Tara' on page 1 undefined on input line 51.


Package natbib Warning: Citation `Richter:2019' on page 1 undefined on input li
ne 51.


LaTeX Warning: Reference `Tara_HughesMartiny' on page 1 undefined on input line
 51.


LaTeX Warning: Reference `Tara_Dendrogram' on page 1 undefined on input line 51
.


Package natbib Warning: Citation `Follows:2007' on page 1 undefined on input li
ne 51.


Package natbib Warning: Citation `BaasBecking:1934' on page 1 undefined on inpu
t line 51.


Package natbib Warning: Citation `Hellweger:2014' on page 1 undefined on input 
line 51.


Package natbib Warning: Citation `Jonsson:2016' on page 1 undefined on input li
ne 51.


Package natbib Warning: Citation `Hubbell:2001' on page 1 undefined on input li
ne 51.


Package natbib Warning: Citation `Jonsson:2016' on page 1 undefined on input li
ne 51.


Package natbib Warning: Citation `Hellweger:2014' on page 1 undefined on input 
line 51.

[1

{/usr/local/texlive/2017/texmf-var/fonts/map/pdftex/updmap/pdftex.map}]
<../Richter_2020_Tara_data/Figures/Richter_OTU_cluster_3.png, id=16, 1085.7363p
t x 332.9238pt>
File: ../Richter_2020_Tara_data/Figures/Richter_OTU_cluster_3.png Graphic file 
(type png)

<use ../Richter_2020_Tara_data/Figures/Richter_OTU_cluster_3.png>
Package pdftex.def Info: ../Richter_2020_Tara_data/Figures/Richter_OTU_cluster_
3.png used on input line 57.
(pdftex.def)             Requested size: 418.25368pt x 128.24971pt.


Package natbib Warning: Citation `Richter:2019' on page 2 undefined on input li
ne 58.


Package natbib Warning: Citation `VanDerMaaten:2014' on page 2 undefined on inp
ut line 58.


Package natbib Warning: Citation `Richter:2019' on page 2 undefined on input li
ne 58.


Package natbib Warning: Citation `VanDerMaaten:2014' on page 2 undefined on inp
ut line 58.


LaTeX Warning: Reference `HughesMartiny' on page 2 undefined on input line 62.

[2]
Overfull \hbox (21.71397pt too wide) in paragraph at lines 64--65
\OT1/cmr/m/n/12 clonally-reproducing plank-ton pop-u-la-tion, em-bed-ded within
 an empirically-constrained
 []

[3 <../Richter_2020_Tara_data/Figures/Richter_OTU_cluster_3.png (PNG copy)>]

LaTeX Warning: Reference `Connectivity_map_pro' on page 4 undefined on input li
ne 76.


Package natbib Warning: Citation `Cherry:2003' on page 4 undefined on input lin
e 76.


Package natbib Warning: Citation `Dutkiewicz:2019' on page 4 undefined on input
 line 78.


LaTeX Warning: Reference `Cumulative' on page 4 undefined on input line 78.


Overfull \hbox (8.18459pt too wide) in paragraph at lines 78--79
[]\OT1/cmr/m/n/12 Our main set of sim-u-la-tions tracks the dis-per-sal of a gl
obally-abundant \OT1/cmr/m/it/12 Prochloro-
 []

[4]

Package natbib Warning: Citation `Hubbell:2001' on page 5 undefined on input li
ne 82.


LaTeX Warning: Reference `Cumulative' on page 5 undefined on input line 82.


Package natbib Warning: Citation `Jonsson:2016' on page 5 undefined on input li
ne 82.

<../Figures/Figure_1.png, id=36, 993.9534pt x 593.3367pt>
File: ../Figures/Figure_1.png Graphic file (type png)

<use ../Figures/Figure_1.png>
Package pdftex.def Info: ../Figures/Figure_1.png used on input line 86.
(pdftex.def)             Requested size: 313.69025pt x 187.25513pt.


LaTeX Warning: Reference `Connectivity_map_pro' on page 5 undefined on input li
ne 91.


LaTeX Warning: Reference `Imm_vs_em' on page 5 undefined on input line 91.

[5 <../Figures/Figure_1.png (PNG copy)>]

LaTeX Warning: Reference `Connectivity_map_pro' on page 6 undefined on input li
ne 93.


Overfull \hbox (10.62488pt too wide) in paragraph at lines 93--94
\OT1/cmr/m/n/12 plained by the sur-face cir-cu-la-tion pat-terns shown in Fig-u
re []a. The two-dimensional
 []

<../Figures/Figure_2.png, id=43, 756.6669pt x 1030.5702pt>
File: ../Figures/Figure_2.png Graphic file (type png)

<use ../Figures/Figure_2.png>
Package pdftex.def Info: ../Figures/Figure_2.png used on input line 100.
(pdftex.def)             Requested size: 250.95476pt x 341.78755pt.


LaTeX Warning: Reference `Cumulative' on page 6 undefined on input line 109.


LaTeX Warning: Reference `Connectivity_map_pro' on page 6 undefined on input li
ne 109.


LaTeX Warning: Reference `Imm_vs_em' on page 6 undefined on input line 109.


Overfull \hbox (10.60054pt too wide) in paragraph at lines 108--110
 []\OT1/cmr/bx/n/12 Depth-integrated trans-port.[] \OT1/cmr/m/n/12 The as-sump-
tion that hor-i-zon-tal dis-per-sal of plank-
 []


Package natbib Warning: Citation `Tilman:1990' on page 6 undefined on input lin
e 113.


Package natbib Warning: Citation `Thomas:2012' on page 6 undefined on input lin
e 113.


LaTeX Warning: Reference `selection_TPC' on page 6 undefined on input line 115.


[6] [7 <../Figures/Figure_2.png (PNG copy)>]

LaTeX Warning: Reference `Cumulative' on page 8 undefined on input line 117.


Overfull \hbox (21.19176pt too wide) in paragraph at lines 117--118
[]\OT1/cmr/m/n/12 The global dis-per-sal of the 94 seed pop-u-la-tions is sever
ely re-stricted by temperature-
 []


Package natbib Warning: Citation `Thomas:2012' on page 8 undefined on input lin
e 121.


Package natbib Warning: Citation `ODonnell:2018' on page 8 undefined on input l
ine 121.


Package natbib Warning: Citation `Sauterey:2017' on page 8 undefined on input l
ine 121.


Package natbib Warning: Citation `Beckmann:2019' on page 8 undefined on input l
ine 121.

[8]

LaTeX Warning: Reference `Cumulative' on page 9 undefined on input line 123.


LaTeX Warning: Reference `Cumulative' on page 9 undefined on input line 123.


LaTeX Warning: Reference `disperal_NA' on page 9 undefined on input line 125.


LaTeX Warning: Reference `disperal_NA' on page 9 undefined on input line 125.


LaTeX Warning: Reference `disperal_NA' on page 9 undefined on input line 127.


LaTeX Warning: Reference `disperal_NA' on page 9 undefined on input line 129.


LaTeX Warning: Reference `disperal_NA' on page 9 undefined on input line 131.


Overfull \hbox (1.34335pt too wide) in paragraph at lines 131--132
\OT1/cmr/m/n/12 With this ex-tremely high rate of adap-ta-tion, the global com-
mu-nity clus-ters strongly
 []

[9] <../Figures/EPMD_cluster_maps.png, id=67, 1109.8263pt x 822.4326pt>
File: ../Figures/EPMD_cluster_maps.png Graphic file (type png)

<use ../Figures/EPMD_cluster_maps.png>
Package pdftex.def Info: ../Figures/EPMD_cluster_maps.png used on input line 13
5.
(pdftex.def)             Requested size: 418.25368pt x 309.94249pt.


LaTeX Warning: Reference `Richter_Tara' on page 10 undefined on input line 136.



LaTeX Warning: Reference `Richter_Tara' on page 10 undefined on input line 136.


[10 <../Figures/EPMD_cluster_maps.png (PNG copy)>]

Package natbib Warning: Citation `BaasBecking:1934' on page 11 undefined on inp
ut line 150.


Package natbib Warning: Citation `Forget:2015' on page 11 undefined on input li
ne 154.


LaTeX Warning: Reference `disperal_NA' on page 11 undefined on input line 154.


LaTeX Warning: Reference `disperal_NA' on page 11 undefined on input line 154.

[11]

Package natbib Warning: Citation `Ser-Giacomi:2018aa' on page 12 undefined on i
nput line 156.


Package natbib Warning: Citation `Hellweger:2014' on page 12 undefined on input
 line 158.


LaTeX Warning: Reference `Richter_Tara' on page 12 undefined on input line 158.


[12]
No file EPMD_0.2.bbl.
[13]

Package natbib Warning: Citation `Cherry:2003' on page 14 undefined on input li
ne 190.


Package natbib Warning: Citation `Forget:2015' on page 14 undefined on input li
ne 190.


Package natbib Warning: Citation `Fukumori:2019' on page 14 undefined on input 
line 190.


Package natbib Warning: Citation `Khatiwala:2005' on page 14 undefined on input
 line 194.


Package natbib Warning: Citation `Forget:2015' on page 14 undefined on input li
ne 201.


Package natbib Warning: Citation `Fukumori:2019' on page 14 undefined on input 
line 201.


LaTeX Warning: Reference `Cumulative_seasons' on page 14 undefined on input lin
e 201.

[14

]

LaTeX Warning: Reference `eqn:mnml' on page 15 undefined on input line 214.


Package natbib Warning: Citation `Sauterey:2017' on page 15 undefined on input 
line 241.


Package natbib Warning: Citation `Beckmann:2019' on page 15 undefined on input 
line 241.

[15] [16] [17]
<../Figures/biogeography_clustering.png, id=131, 529.2573pt x 528.5346pt>
File: ../Figures/biogeography_clustering.png Graphic file (type png)

<use ../Figures/biogeography_clustering.png>
Package pdftex.def Info: ../Figures/biogeography_clustering.png used on input l
ine 309.
(pdftex.def)             Requested size: 313.69025pt x 313.26018pt.


Package natbib Warning: Citation `Hughes-Martiny:2006' on page 18 undefined on 
input line 311.


Package natbib Warning: Citation `BaasBecking:1934' on page 18 undefined on inp
ut line 311.


Package natbib Warning: Citation `Hughes-Martiny:2006' on page 18 undefined on 
input line 311.


Package natbib Warning: Citation `BaasBecking:1934' on page 18 undefined on inp
ut line 311.


<../Richter_2020_Tara_data/Figures/Martiny_Clusters_OTU_3.png, id=132, 746.79pt
 x 606.1044pt>
File: ../Richter_2020_Tara_data/Figures/Martiny_Clusters_OTU_3.png Graphic file
 (type png)

<use ../Richter_2020_Tara_data/Figures/Martiny_Clusters_OTU_3.png>
Package pdftex.def Info: ../Richter_2020_Tara_data/Figures/Martiny_Clusters_OTU
_3.png used on input line 317.
(pdftex.def)             Requested size: 313.69025pt x 254.58986pt.

<../Richter_2020_Tara_data/Figures/Dendrogram_OTU_3.png, id=133, 680.0607pt x 1
276.0473pt>
File: ../Richter_2020_Tara_data/Figures/Dendrogram_OTU_3.png Graphic file (type
 png)
 <use ../Richter_2020_Tara_data/Figures/Dendrogram_OTU_3.png>
Package pdftex.def Info: ../Richter_2020_Tara_data/Figures/Dendrogram_OTU_3.png
 used on input line 324.
(pdftex.def)             Requested size: 334.60422pt x 627.85829pt.


LaTeX Warning: Float too large for page by 59.92809pt on input line 327.

<../Figures/Figure_3.png, id=134, 463.2507pt x 395.076pt>
File: ../Figures/Figure_3.png Graphic file (type png)

<use ../Figures/Figure_3.png>
Package pdftex.def Info: ../Figures/Figure_3.png used on input line 332.
(pdftex.def)             Requested size: 250.95476pt x 214.02509pt.

<../Figures/abundances-01.png, id=135, 880.9713pt x 528.2937pt>
File: ../Figures/abundances-01.png Graphic file (type png)

<use ../Figures/abundances-01.png>
Package pdftex.def Info: ../Figures/abundances-01.png used on input line 339.
(pdftex.def)             Requested size: 418.25368pt x 250.81314pt.

<../Figures/EPMD_Full_cluster_maps.png, id=136, 917.5881pt x 914.2155pt>
File: ../Figures/EPMD_Full_cluster_maps.png Graphic file (type png)

<use ../Figures/EPMD_Full_cluster_maps.png>
Package pdftex.def Info: ../Figures/EPMD_Full_cluster_maps.png used on input li
ne 345.
(pdftex.def)             Requested size: 418.25368pt x 416.722pt.


Package natbib Warning: Citation `VanDerMaaten:2014' on page 18 undefined on in
put line 346.


Package natbib Warning: Citation `VanDerMaaten:2014' on page 18 undefined on in
put line 346.


Package caption Warning: Unused \captionsetup[sub] on input line 13.
See the caption package documentation for explanation.


Package natbib Warning: There were undefined citations.

Package atveryend Info: Empty hook `BeforeClearDocument' on input line 350.
[18

 <../Figures/biogeography_clustering.png (PNG copy)>] [19 <../Richter_2020_Tara
_data/Figures/Martiny_Clusters_OTU_3.png (PNG copy)>] [20 <../Richter_2020_Tara
_data/Figures/Dendrogram_OTU_3.png (PNG copy)>] [21 <../Figures/Figure_3.png (P
NG copy)>] [22 <../Figures/abundances-01.png (PNG copy)>] [23 <../Figures/EPMD_
Full_cluster_maps.png (PNG copy)>]
Package atveryend Info: Empty hook `AfterLastShipout' on input line 350.
 (./EPMD_0.2.aux)
Package atveryend Info: Executing hook `AtVeryEndDocument' on input line 350.
Package atveryend Info: Executing hook `AtEndAfterFileList' on input line 350.


Package rerunfilecheck Warning: File `EPMD_0.2.out' has changed.
(rerunfilecheck)                Rerun to get outlines right
(rerunfilecheck)                or use package `bookmark'.

Package rerunfilecheck Info: Checksums for `EPMD_0.2.out':
(rerunfilecheck)             Before: <no file>
(rerunfilecheck)             After:  C2A71921D12D7DB60D7837A14FA1BE87;58.

LaTeX Warning: There were undefined references.


LaTeX Warning: Label(s) may have changed. Rerun to get cross-references right.

Package atveryend Info: Empty hook `AtVeryVeryEnd' on input line 350.
 ) 
Here is how much of TeX's memory you used:
 7934 strings out of 492995
 119692 string characters out of 6132705
 219917 words of memory out of 5000000
 11322 multiletter control sequences out of 15000+600000
 18915 words of font info for 66 fonts, out of 8000000 for 9000
 1141 hyphenation exceptions out of 8191
 42i,12n,41p,2165b,379s stack positions out of 5000i,500n,10000p,200000b,80000s
</usr/local/texlive/2017/texmf-dist/fonts/type1/public/amsfonts/cm/cmbx10.pfb
></usr/local/texlive/2017/texmf-dist/fonts/type1/public/amsfonts/cm/cmbx12.pfb>
</usr/local/texlive/2017/texmf-dist/fonts/type1/public/amsfonts/cm/cmex10.pfb><
/usr/local/texlive/2017/texmf-dist/fonts/type1/public/amsfonts/cm/cmmi10.pfb></
usr/local/texlive/2017/texmf-dist/fonts/type1/public/amsfonts/cm/cmmi12.pfb></u
sr/local/texlive/2017/texmf-dist/fonts/type1/public/amsfonts/cm/cmmi8.pfb></usr
/local/texlive/2017/texmf-dist/fonts/type1/public/amsfonts/cm/cmmib10.pfb></usr
/local/texlive/2017/texmf-dist/fonts/type1/public/amsfonts/cm/cmr10.pfb></usr/l
ocal/texlive/2017/texmf-dist/fonts/type1/public/amsfonts/cm/cmr12.pfb></usr/loc
al/texlive/2017/texmf-dist/fonts/type1/public/amsfonts/cm/cmr17.pfb></usr/local
/texlive/2017/texmf-dist/fonts/type1/public/amsfonts/cm/cmr8.pfb></usr/local/te
xlive/2017/texmf-dist/fonts/type1/public/amsfonts/cm/cmsy10.pfb></usr/local/tex
live/2017/texmf-dist/fonts/type1/public/amsfonts/cm/cmsy8.pfb></usr/local/texli
ve/2017/texmf-dist/fonts/type1/public/amsfonts/cm/cmti10.pfb></usr/local/texliv
e/2017/texmf-dist/fonts/type1/public/amsfonts/cm/cmti12.pfb></usr/local/texlive
/2017/texmf-dist/fonts/type1/public/amsfonts/cm/cmtt12.pfb>
Output written on EPMD_0.2.pdf (23 pages, 10698946 bytes).
PDF statistics:
 235 PDF objects out of 1000 (max. 8388607)
 182 compressed objects within 2 object streams
 65 named destinations out of 1000 (max. 500000)
 51 words of extra memory for PDF output out of 10000 (max. 10000000)

